2025-01-03 00:49:28,350 [INFO] Using GPU: NVIDIA GeForce RTX 3050 Laptop GPU
2025-01-03 00:49:28,351 [INFO] Available GPU memory: 4.29 GB
2025-01-03 00:49:28,351 [INFO] Loading dataset...
2025-01-03 00:49:28,575 [INFO] Loading facebook/blenderbot-400M-distill with quantization...
2025-01-03 00:49:32,719 [INFO] Model device: cuda:0
2025-01-03 00:49:32,806 [INFO] Processing datasets...
2025-01-03 00:49:50,085 [INFO] Starting QLoRA training...
2025-01-03 01:13:32,940 [INFO] Saving LoRA adapter...
2025-01-03 01:13:33,522 [INFO] Merging LoRA weights...
2025-01-03 01:13:34,128 [INFO] Training completed successfully!
2025-01-03 01:38:53,456 [INFO] Using GPU: NVIDIA GeForce RTX 3050 Laptop GPU
2025-01-03 01:38:53,457 [INFO] Available GPU memory: 4.29 GB
2025-01-03 01:38:53,457 [INFO] Loading dataset...
2025-01-03 01:38:53,715 [INFO] Loading facebook/blenderbot-400M-distill with quantization...
2025-01-03 01:38:56,913 [INFO] Model device: cuda:0
2025-01-03 01:38:56,999 [INFO] Processing datasets...
2025-01-03 01:39:14,997 [INFO] Starting QLoRA training...
2025-01-03 01:43:31,232 [INFO] Using GPU: NVIDIA GeForce RTX 3050 Laptop GPU
2025-01-03 01:43:31,233 [INFO] Available GPU memory: 4.29 GB
2025-01-03 01:43:31,233 [INFO] Loading dataset...
2025-01-03 01:43:31,462 [INFO] Loading facebook/blenderbot-400M-distill with quantization...
2025-01-03 01:43:35,321 [INFO] Model device: cuda:0
2025-01-03 01:43:35,409 [INFO] Processing datasets...
2025-01-03 01:43:53,382 [INFO] Starting QLoRA training...
2025-01-03 02:08:06,652 [INFO] Saving LoRA adapter...
2025-01-03 02:08:07,593 [INFO] Merging LoRA weights...
2025-01-03 02:08:08,289 [INFO] Training completed successfully!
2025-01-04 10:12:56,008 [INFO] Using GPU: NVIDIA GeForce RTX 3050 Laptop GPU
2025-01-04 10:12:56,008 [INFO] Available GPU memory: 4.29 GB
2025-01-04 10:12:56,008 [INFO] Loading dataset...
2025-01-04 10:12:56,227 [INFO] Loading facebook/blenderbot-400M-distill with quantization...
2025-01-04 10:12:58,536 [INFO] Model device: cuda:0
2025-01-04 10:12:58,622 [INFO] Processing datasets...
2025-01-04 10:13:16,819 [INFO] Starting QLoRA training...
2025-01-04 10:16:30,620 [INFO] Using GPU: NVIDIA GeForce RTX 3050 Laptop GPU
2025-01-04 10:16:30,620 [INFO] Available GPU memory: 4.29 GB
2025-01-04 10:16:30,620 [INFO] Loading dataset...
2025-01-04 10:16:30,841 [INFO] Loading facebook/blenderbot-400M-distill with quantization...
2025-01-04 10:16:32,961 [INFO] Model device: cuda:0
2025-01-04 10:16:33,042 [INFO] Processing datasets...
2025-01-04 10:29:59,601 [INFO] Using GPU: NVIDIA GeForce RTX 3050 Laptop GPU
2025-01-04 10:29:59,601 [INFO] Available GPU memory: 4.29 GB
2025-01-04 10:29:59,601 [INFO] Loading dataset...
2025-01-04 10:29:59,817 [INFO] Loading facebook/blenderbot-400M-distill with quantization...
2025-01-04 10:30:02,210 [INFO] Model device: cuda:0
2025-01-04 10:30:02,300 [INFO] Processing datasets...
2025-01-04 10:30:20,450 [INFO] Starting QLoRA training...
2025-01-04 10:46:38,915 [INFO] Using GPU: NVIDIA GeForce RTX 3050 Laptop GPU
2025-01-04 10:46:38,915 [INFO] Available GPU memory: 4.29 GB
2025-01-04 10:46:38,915 [INFO] Loading dataset...
2025-01-04 10:46:39,125 [INFO] Loading facebook/blenderbot-400M-distill with quantization...
2025-01-04 10:46:41,420 [INFO] Model device: cuda:0
2025-01-04 10:46:41,517 [INFO] Processing datasets...
2025-01-04 10:46:59,703 [INFO] Starting QLoRA training...
2025-01-04 11:10:40,675 [INFO] Saving LoRA adapter...
2025-01-04 11:10:41,208 [INFO] Merging LoRA weights...
2025-01-04 11:10:41,783 [INFO] Training completed successfully!
2025-01-05 08:49:52,286 [INFO] Using GPU: NVIDIA GeForce RTX 3050 Laptop GPU
2025-01-05 08:49:52,287 [INFO] Available GPU memory: 4.29 GB
2025-01-05 08:49:52,287 [INFO] Loading dataset...
2025-01-05 08:49:52,514 [INFO] Loading facebook/blenderbot-400M-distill with quantization...
2025-01-05 08:49:55,892 [INFO] Model device: cuda:0
2025-01-05 08:49:55,979 [INFO] Processing datasets...
2025-01-05 08:50:12,474 [INFO] Starting QLoRA training...
2025-01-05 08:50:55,031 [INFO] Using GPU: NVIDIA GeForce RTX 3050 Laptop GPU
2025-01-05 08:50:55,031 [INFO] Available GPU memory: 4.29 GB
2025-01-05 08:50:55,031 [INFO] Loading dataset...
2025-01-05 08:50:55,241 [INFO] Loading facebook/blenderbot-400M-distill with quantization...
2025-01-05 08:51:03,277 [INFO] Model device: cuda:0
2025-01-05 08:50:57,737 [INFO] Processing datasets...
2025-01-05 08:51:15,341 [INFO] Starting QLoRA training...
2025-01-05 09:35:47,059 [INFO] Saving LoRA adapter...
2025-01-05 09:35:47,679 [INFO] Merging LoRA weights...
2025-01-05 09:35:48,222 [INFO] Training completed successfully!
2025-01-06 01:46:36,056 [INFO] Using GPU: NVIDIA GeForce RTX 3050 Laptop GPU
2025-01-06 01:46:36,057 [INFO] Available GPU memory: 4.29 GB
2025-01-06 01:46:36,057 [INFO] Loading dataset...
2025-01-06 01:46:36,323 [INFO] Loading facebook/blenderbot-400M-distill with quantization...
2025-01-06 01:46:39,145 [INFO] Model device: cuda:0
2025-01-06 01:46:39,239 [INFO] Processing datasets...
2025-01-06 01:46:56,900 [INFO] Starting QLoRA training...
