2024-12-30 18:55:34,265 [INFO] Using device: cpu (quantization requires CPU)
2024-12-30 18:55:34,265 [INFO] Loading dataset...
2024-12-30 18:55:34,271 [INFO] Loading facebook/blenderbot-400M-distill...
2024-12-30 18:55:35,909 [INFO] Processing datasets...
2024-12-30 18:55:37,844 [INFO] Quantizing model...
2024-12-30 18:55:37,844 [INFO] Starting model quantization...
2024-12-30 18:55:37,974 [INFO] Model quantization completed successfully
2024-12-30 18:55:37,974 [INFO] Starting quantized training...
2024-12-30 18:56:50,303 [INFO] Using device: cpu (quantization requires CPU)
2024-12-30 18:56:50,303 [INFO] Loading dataset...
2024-12-30 18:56:50,311 [INFO] Loading facebook/blenderbot-400M-distill...
2024-12-30 18:56:52,649 [INFO] Processing datasets...
2024-12-30 18:56:55,395 [INFO] Quantizing model...
2024-12-30 18:56:55,395 [INFO] Starting model quantization...
2024-12-30 18:56:55,548 [INFO] Model quantization completed successfully
2024-12-30 18:56:55,548 [INFO] Starting quantized training...
2024-12-30 19:14:57,668 [INFO] Saving quantized model...
2024-12-30 19:14:59,624 [INFO] Training completed and quantized model saved!
2024-12-30 19:27:23,351 [INFO] Using device: cpu (quantization requires CPU)
2024-12-30 19:27:23,351 [INFO] Loading dataset...
2024-12-30 19:27:23,363 [INFO] Loading facebook/blenderbot-400M-distill...
2024-12-30 19:27:25,236 [INFO] Processing datasets...
2024-12-30 19:27:25,675 [INFO] Using default tokenizer.
2024-12-30 19:27:31,583 [INFO] Quantizing model...
2024-12-30 19:27:31,583 [INFO] Starting enhanced quantization process...
2024-12-30 19:27:31,583 [ERROR] Enhanced quantization failed: module 'torch.quantization' has no attribute 'get_default_dynamic_qconfig'
2024-12-30 19:27:31,583 [ERROR] Enhanced training failed: module 'torch.quantization' has no attribute 'get_default_dynamic_qconfig'
Traceback (most recent call last):
  File "/home/zahemen/projects/dl-lib/DocAnalyzerAI/src/train_finbot_quantized.py", line 293, in train_quantized
    quantized_model = trainer.quantize_model()
                      ^^^^^^^^^^^^^^^^^^^^^^^^
  File "/home/zahemen/projects/dl-lib/DocAnalyzerAI/src/train_finbot_quantized.py", line 126, in quantize_model
    '': torch.quantization.get_default_dynamic_qconfig(),
        ^^^^^^^^^^^^^^^^^^^^^^^^^^^^^^^^^^^^^^^^^^^^^^
AttributeError: module 'torch.quantization' has no attribute 'get_default_dynamic_qconfig'
2024-12-30 19:27:31,708 [ERROR] Script failed: module 'torch.quantization' has no attribute 'get_default_dynamic_qconfig'
Traceback (most recent call last):
  File "/home/zahemen/projects/dl-lib/DocAnalyzerAI/src/train_finbot_quantized.py", line 329, in <module>
    train_quantized()
  File "/home/zahemen/projects/dl-lib/DocAnalyzerAI/src/train_finbot_quantized.py", line 293, in train_quantized
    quantized_model = trainer.quantize_model()
                      ^^^^^^^^^^^^^^^^^^^^^^^^
  File "/home/zahemen/projects/dl-lib/DocAnalyzerAI/src/train_finbot_quantized.py", line 126, in quantize_model
    '': torch.quantization.get_default_dynamic_qconfig(),
        ^^^^^^^^^^^^^^^^^^^^^^^^^^^^^^^^^^^^^^^^^^^^^^
AttributeError: module 'torch.quantization' has no attribute 'get_default_dynamic_qconfig'
2024-12-30 19:32:48,034 [INFO] Using device: cpu
2024-12-30 19:32:48,035 [INFO] Loading dataset...
2024-12-30 19:32:48,048 [INFO] Loading facebook/blenderbot-400M-distill...
2024-12-30 19:32:49,843 [INFO] Processing datasets...
2024-12-30 19:32:50,655 [INFO] Using default tokenizer.
2024-12-30 19:32:57,777 [INFO] Starting quantization process...
2024-12-30 19:32:57,777 [INFO] Starting model quantization...
2024-12-30 19:32:58,195 [INFO] Model quantization completed successfully
2024-12-30 19:32:58,195 [INFO] Quantization successful
2024-12-30 19:32:58,195 [INFO] Starting training...
