2025-01-09 03:13:14,232 - __main__ - INFO - Project root: /home/zahemen/projects/dl-lib/DocAnalyzerAI
2025-01-09 03:13:14,233 - __main__ - INFO - Output directory: /home/zahemen/projects/dl-lib/DocAnalyzerAI/finetune_data
2025-01-09 03:13:14,233 - __main__ - INFO - Starting enhanced dataset creation...
2025-01-09 03:13:14,233 - __main__ - INFO - Added 5250 samples from conversation category
2025-01-09 03:13:14,233 - __main__ - INFO - Added 5250 samples from conversation category
2025-01-09 03:13:14,233 - __main__ - INFO - Added 5250 samples from conversation category
2025-01-09 03:13:14,234 - __main__ - INFO - Added 5250 samples from conversation category
2025-01-09 03:13:14,255 - __main__ - INFO - Added 2832 QA samples
2025-01-09 03:13:15,327 - __main__ - INFO - Ensured directory exists: /home/zahemen/projects/dl-lib/DocAnalyzerAI/finetune_data
2025-01-09 03:13:15,327 - __main__ - INFO - Saving dataset to /home/zahemen/projects/dl-lib/DocAnalyzerAI/finetune_data/train.json...
2025-01-09 03:13:15,674 - __main__ - INFO - Dataset composition:
2025-01-09 03:13:15,674 - __main__ - INFO - Financial Planning: 41 samples
2025-01-09 03:13:15,674 - __main__ - INFO - Market Analysis: 5 samples
2025-01-09 03:13:15,674 - __main__ - INFO - Investment Advice: 7 samples
2025-01-09 03:13:15,674 - __main__ - INFO - Risk Management: 3 samples
2025-01-09 03:13:15,674 - __main__ - INFO - QA Samples: 2832 samples
2025-01-09 03:13:15,674 - __main__ - INFO - Total Samples: 35000 samples
2025-01-09 03:13:15,935 - __main__ - INFO - Saved 24500 training examples to /home/zahemen/projects/dl-lib/DocAnalyzerAI/finetune_data/train.json
2025-01-09 03:13:16,042 - __main__ - INFO - Saved 10500 validation examples to /home/zahemen/projects/dl-lib/DocAnalyzerAI/finetune_data/val.json
2025-01-09 03:13:16,042 - __main__ - INFO - Dataset preparation completed successfully!
