2025-01-09 03:08:33,123 [INFO] Using GPU: NVIDIA GeForce RTX 3050 Laptop GPU
2025-01-09 03:08:33,123 [INFO] Available GPU memory: 4.29 GB
2025-01-09 03:08:33,123 [INFO] Loading dataset...
2025-01-09 03:08:33,123 [ERROR] Training failed: Dataset not found at finetune_data/train.json
Traceback (most recent call last):
  File "/home/zahemen/projects/dl-lib/DocAnalyzerAI/src/main/train_finbot_qlora.py", line 146, in train
    raise FileNotFoundError(f"Dataset not found at {dataset_path}")
FileNotFoundError: Dataset not found at finetune_data/train.json
2025-01-09 03:08:33,244 [ERROR] Script failed: Dataset not found at finetune_data/train.json
Traceback (most recent call last):
  File "/home/zahemen/projects/dl-lib/DocAnalyzerAI/src/main/train_finbot_qlora.py", line 391, in <module>
    train()
  File "/home/zahemen/projects/dl-lib/DocAnalyzerAI/src/main/train_finbot_qlora.py", line 146, in train
    raise FileNotFoundError(f"Dataset not found at {dataset_path}")
FileNotFoundError: Dataset not found at finetune_data/train.json
2025-01-09 03:10:46,535 [INFO] Using GPU: NVIDIA GeForce RTX 3050 Laptop GPU
2025-01-09 03:10:46,535 [INFO] Available GPU memory: 4.29 GB
2025-01-09 03:10:46,535 [INFO] Loading dataset...
2025-01-09 03:10:46,781 [INFO] Loading facebook/blenderbot-400M-distill with quantization...
2025-01-09 03:10:50,385 [INFO] Model device: cuda:0
2025-01-09 03:10:50,468 [INFO] Processing datasets...
2025-01-09 03:11:12,977 [INFO] Starting QLoRA training...
